{"C:\\Users\\חן\\OneDrive\\שולחן העבודה\\רועי\\לימודים\\eliav\\‏‏Assign2Eliav-\\Matla2eliav-1\\src\\server.ts": {"path":"C:\\Users\\חן\\OneDrive\\שולחן העבודה\\רועי\\לימודים\\eliav\\‏‏Assign2Eliav-\\Matla2eliav-1\\src\\server.ts","statementMap":{"0":{"start":{"line":1,"column":0},"end":{"line":1,"column":27}},"1":{"start":{"line":2,"column":0},"end":{"line":2,"column":16}},"2":{"start":{"line":3,"column":0},"end":{"line":3,"column":32}},"3":{"start":{"line":4,"column":0},"end":{"line":4,"column":37}},"4":{"start":{"line":5,"column":0},"end":{"line":5,"column":43}},"5":{"start":{"line":6,"column":0},"end":{"line":6,"column":46}},"6":{"start":{"line":7,"column":0},"end":{"line":7,"column":52}},"7":{"start":{"line":8,"column":0},"end":{"line":8,"column":45}},"8":{"start":{"line":9,"column":0},"end":{"line":9,"column":41}},"9":{"start":{"line":10,"column":0},"end":{"line":10,"column":43}},"10":{"start":{"line":12,"column":12},"end":{"line":12,"column":21}},"11":{"start":{"line":13,"column":0},"end":{"line":13,"column":27}},"12":{"start":{"line":14,"column":0},"end":{"line":14,"column":51}},"13":{"start":{"line":15,"column":0},"end":{"line":15,"column":30}},"14":{"start":{"line":16,"column":0},"end":{"line":16,"column":36}},"15":{"start":{"line":17,"column":0},"end":{"line":17,"column":29}},"16":{"start":{"line":19,"column":16},"end":{"line":30,"column":2}},"17":{"start":{"line":31,"column":14},"end":{"line":31,"column":35}},"18":{"start":{"line":32,"column":0},"end":{"line":32,"column":62}},"19":{"start":{"line":34,"column":11},"end":{"line":34,"column":30}},"20":{"start":{"line":35,"column":0},"end":{"line":35,"column":48}},"21":{"start":{"line":35,"column":26},"end":{"line":35,"column":46}},"22":{"start":{"line":36,"column":0},"end":{"line":36,"column":60}},"23":{"start":{"line":36,"column":22},"end":{"line":36,"column":58}},"24":{"start":{"line":38,"column":16},"end":{"line":53,"column":1}},"25":{"start":{"line":39,"column":2},"end":{"line":52,"column":5}},"26":{"start":{"line":40,"column":4},"end":{"line":51,"column":5}},"27":{"start":{"line":41,"column":6},"end":{"line":41,"column":55}},"28":{"start":{"line":43,"column":6},"end":{"line":50,"column":11}},"29":{"start":{"line":46,"column":10},"end":{"line":46,"column":23}},"30":{"start":{"line":49,"column":10},"end":{"line":49,"column":24}},"31":{"start":{"line":55,"column":0},"end":{"line":55,"column":23}}},"fnMap":{"0":{"name":"(anonymous_1)","decl":{"start":{"line":35,"column":15},"end":{"line":35,"column":16}},"loc":{"start":{"line":35,"column":26},"end":{"line":35,"column":46}}},"1":{"name":"(anonymous_2)","decl":{"start":{"line":36,"column":16},"end":{"line":36,"column":19}},"loc":{"start":{"line":36,"column":22},"end":{"line":36,"column":58}}},"2":{"name":"(anonymous_3)","decl":{"start":{"line":38,"column":16},"end":{"line":38,"column":19}},"loc":{"start":{"line":38,"column":21},"end":{"line":53,"column":1}}},"3":{"name":"(anonymous_4)","decl":{"start":{"line":39,"column":30},"end":{"line":39,"column":31}},"loc":{"start":{"line":39,"column":50},"end":{"line":52,"column":3}}},"4":{"name":"(anonymous_5)","decl":{"start":{"line":45,"column":14},"end":{"line":45,"column":17}},"loc":{"start":{"line":45,"column":19},"end":{"line":47,"column":9}}},"5":{"name":"(anonymous_6)","decl":{"start":{"line":48,"column":15},"end":{"line":48,"column":16}},"loc":{"start":{"line":48,"column":25},"end":{"line":50,"column":9}}}},"branchMap":{"0":{"loc":{"start":{"line":40,"column":4},"end":{"line":51,"column":5}},"type":"if","locations":[{"start":{"line":40,"column":4},"end":{"line":51,"column":5}},{"start":{"line":42,"column":11},"end":{"line":51,"column":5}}]}},"s":{"0":3,"1":3,"2":3,"3":3,"4":3,"5":3,"6":3,"7":3,"8":3,"9":3,"10":3,"11":3,"12":3,"13":3,"14":3,"15":3,"16":3,"17":3,"18":3,"19":3,"20":3,"21":0,"22":3,"23":3,"24":3,"25":3,"26":3,"27":0,"28":3,"29":3,"30":0,"31":3},"f":{"0":0,"1":3,"2":3,"3":3,"4":3,"5":0},"b":{"0":[0,3]}}
,"C:\\Users\\חן\\OneDrive\\שולחן העבודה\\רועי\\לימודים\\eliav\\‏‏Assign2Eliav-\\Matla2eliav-1\\src\\controllers\\auth_controller.ts": {"path":"C:\\Users\\חן\\OneDrive\\שולחן העבודה\\רועי\\לימודים\\eliav\\‏‏Assign2Eliav-\\Matla2eliav-1\\src\\controllers\\auth_controller.ts","statementMap":{"0":{"start":{"line":2,"column":0},"end":{"line":2,"column":57}},"1":{"start":{"line":3,"column":0},"end":{"line":3,"column":28}},"2":{"start":{"line":4,"column":0},"end":{"line":4,"column":31}},"3":{"start":{"line":7,"column":17},"end":{"line":20,"column":2}},"4":{"start":{"line":7,"column":55},"end":{"line":20,"column":2}},"5":{"start":{"line":8,"column":4},"end":{"line":19,"column":5}},"6":{"start":{"line":9,"column":25},"end":{"line":9,"column":42}},"7":{"start":{"line":10,"column":21},"end":{"line":10,"column":45}},"8":{"start":{"line":11,"column":31},"end":{"line":11,"column":64}},"9":{"start":{"line":12,"column":21},"end":{"line":15,"column":10}},"10":{"start":{"line":16,"column":8},"end":{"line":16,"column":35}},"11":{"start":{"line":18,"column":8},"end":{"line":18,"column":34}},"12":{"start":{"line":27,"column":22},"end":{"line":50,"column":1}},"13":{"start":{"line":28,"column":4},"end":{"line":30,"column":5}},"14":{"start":{"line":29,"column":8},"end":{"line":29,"column":20}},"15":{"start":{"line":32,"column":19},"end":{"line":32,"column":43}},"16":{"start":{"line":33,"column":24},"end":{"line":38,"column":49}},"17":{"start":{"line":40,"column":25},"end":{"line":45,"column":57}},"18":{"start":{"line":46,"column":4},"end":{"line":49,"column":6}},"19":{"start":{"line":51,"column":14},"end":{"line":88,"column":2}},"20":{"start":{"line":51,"column":52},"end":{"line":88,"column":2}},"21":{"start":{"line":52,"column":4},"end":{"line":87,"column":5}},"22":{"start":{"line":53,"column":21},"end":{"line":53,"column":71}},"23":{"start":{"line":54,"column":8},"end":{"line":57,"column":9}},"24":{"start":{"line":55,"column":12},"end":{"line":55,"column":63}},"25":{"start":{"line":56,"column":12},"end":{"line":56,"column":19}},"26":{"start":{"line":58,"column":30},"end":{"line":58,"column":84}},"27":{"start":{"line":59,"column":8},"end":{"line":62,"column":9}},"28":{"start":{"line":60,"column":12},"end":{"line":60,"column":63}},"29":{"start":{"line":61,"column":12},"end":{"line":61,"column":19}},"30":{"start":{"line":63,"column":8},"end":{"line":66,"column":9}},"31":{"start":{"line":64,"column":12},"end":{"line":64,"column":49}},"32":{"start":{"line":65,"column":12},"end":{"line":65,"column":19}},"33":{"start":{"line":68,"column":23},"end":{"line":68,"column":46}},"34":{"start":{"line":69,"column":8},"end":{"line":72,"column":9}},"35":{"start":{"line":70,"column":12},"end":{"line":70,"column":49}},"36":{"start":{"line":71,"column":12},"end":{"line":71,"column":19}},"37":{"start":{"line":73,"column":8},"end":{"line":75,"column":9}},"38":{"start":{"line":74,"column":12},"end":{"line":74,"column":35}},"39":{"start":{"line":76,"column":8},"end":{"line":76,"column":52}},"40":{"start":{"line":77,"column":8},"end":{"line":77,"column":26}},"41":{"start":{"line":78,"column":8},"end":{"line":83,"column":15}},"42":{"start":{"line":86,"column":8},"end":{"line":86,"column":34}},"43":{"start":{"line":95,"column":27},"end":{"line":137,"column":1}},"44":{"start":{"line":96,"column":4},"end":{"line":136,"column":7}},"45":{"start":{"line":98,"column":8},"end":{"line":101,"column":9}},"46":{"start":{"line":99,"column":12},"end":{"line":99,"column":27}},"47":{"start":{"line":100,"column":12},"end":{"line":100,"column":19}},"48":{"start":{"line":103,"column":8},"end":{"line":106,"column":9}},"49":{"start":{"line":104,"column":12},"end":{"line":104,"column":27}},"50":{"start":{"line":105,"column":12},"end":{"line":105,"column":19}},"51":{"start":{"line":107,"column":8},"end":{"line":135,"column":11}},"52":{"start":{"line":107,"column":92},"end":{"line":135,"column":10}},"53":{"start":{"line":108,"column":12},"end":{"line":111,"column":13}},"54":{"start":{"line":109,"column":16},"end":{"line":109,"column":31}},"55":{"start":{"line":110,"column":16},"end":{"line":110,"column":22}},"56":{"start":{"line":113,"column":27},"end":{"line":113,"column":38}},"57":{"start":{"line":114,"column":12},"end":{"line":134,"column":13}},"58":{"start":{"line":116,"column":29},"end":{"line":116,"column":61}},"59":{"start":{"line":117,"column":16},"end":{"line":120,"column":17}},"60":{"start":{"line":118,"column":20},"end":{"line":118,"column":35}},"61":{"start":{"line":119,"column":20},"end":{"line":119,"column":27}},"62":{"start":{"line":121,"column":16},"end":{"line":126,"column":17}},"63":{"start":{"line":122,"column":20},"end":{"line":122,"column":43}},"64":{"start":{"line":123,"column":20},"end":{"line":123,"column":38}},"65":{"start":{"line":124,"column":20},"end":{"line":124,"column":35}},"66":{"start":{"line":125,"column":20},"end":{"line":125,"column":27}},"67":{"start":{"line":127,"column":31},"end":{"line":127,"column":91}},"68":{"start":{"line":127,"column":68},"end":{"line":127,"column":90}},"69":{"start":{"line":128,"column":16},"end":{"line":128,"column":43}},"70":{"start":{"line":130,"column":16},"end":{"line":130,"column":30}},"71":{"start":{"line":132,"column":16},"end":{"line":132,"column":31}},"72":{"start":{"line":133,"column":16},"end":{"line":133,"column":23}},"73":{"start":{"line":139,"column":15},"end":{"line":147,"column":2}},"74":{"start":{"line":139,"column":53},"end":{"line":147,"column":2}},"75":{"start":{"line":140,"column":4},"end":{"line":146,"column":5}},"76":{"start":{"line":141,"column":21},"end":{"line":141,"column":68}},"77":{"start":{"line":142,"column":8},"end":{"line":142,"column":26}},"78":{"start":{"line":143,"column":8},"end":{"line":143,"column":40}},"79":{"start":{"line":145,"column":8},"end":{"line":145,"column":37}},"80":{"start":{"line":149,"column":16},"end":{"line":177,"column":2}},"81":{"start":{"line":149,"column":54},"end":{"line":177,"column":2}},"82":{"start":{"line":150,"column":4},"end":{"line":176,"column":5}},"83":{"start":{"line":151,"column":21},"end":{"line":151,"column":68}},"84":{"start":{"line":152,"column":8},"end":{"line":155,"column":9}},"85":{"start":{"line":153,"column":12},"end":{"line":153,"column":41}},"86":{"start":{"line":154,"column":12},"end":{"line":154,"column":19}},"87":{"start":{"line":156,"column":23},"end":{"line":156,"column":46}},"88":{"start":{"line":158,"column":8},"end":{"line":161,"column":9}},"89":{"start":{"line":159,"column":12},"end":{"line":159,"column":49}},"90":{"start":{"line":160,"column":12},"end":{"line":160,"column":19}},"91":{"start":{"line":162,"column":8},"end":{"line":164,"column":9}},"92":{"start":{"line":163,"column":12},"end":{"line":163,"column":35}},"93":{"start":{"line":165,"column":8},"end":{"line":165,"column":52}},"94":{"start":{"line":166,"column":8},"end":{"line":166,"column":26}},"95":{"start":{"line":167,"column":8},"end":{"line":172,"column":15}},"96":{"start":{"line":175,"column":8},"end":{"line":175,"column":37}},"97":{"start":{"line":183,"column":30},"end":{"line":204,"column":1}},"98":{"start":{"line":184,"column":26},"end":{"line":184,"column":53}},"99":{"start":{"line":185,"column":18},"end":{"line":185,"column":62}},"100":{"start":{"line":187,"column":4},"end":{"line":190,"column":5}},"101":{"start":{"line":188,"column":8},"end":{"line":188,"column":46}},"102":{"start":{"line":189,"column":8},"end":{"line":189,"column":15}},"103":{"start":{"line":191,"column":4},"end":{"line":194,"column":5}},"104":{"start":{"line":192,"column":8},"end":{"line":192,"column":45}},"105":{"start":{"line":193,"column":8},"end":{"line":193,"column":15}},"106":{"start":{"line":196,"column":4},"end":{"line":203,"column":7}},"107":{"start":{"line":197,"column":8},"end":{"line":200,"column":9}},"108":{"start":{"line":198,"column":12},"end":{"line":198,"column":50}},"109":{"start":{"line":199,"column":12},"end":{"line":199,"column":19}},"110":{"start":{"line":201,"column":8},"end":{"line":201,"column":53}},"111":{"start":{"line":202,"column":8},"end":{"line":202,"column":15}},"112":{"start":{"line":183,"column":13},"end":{"line":183,"column":30}},"113":{"start":{"line":206,"column":0},"end":{"line":211,"column":2}}},"fnMap":{"0":{"name":"(anonymous_8)","decl":{"start":{"line":7,"column":17},"end":{"line":7,"column":24}},"loc":{"start":{"line":7,"column":55},"end":{"line":20,"column":2}}},"1":{"name":"(anonymous_9)","decl":{"start":{"line":7,"column":55},"end":{"line":7,"column":null}},"loc":{"start":{"line":7,"column":55},"end":{"line":20,"column":1}}},"2":{"name":"(anonymous_10)","decl":{"start":{"line":27,"column":22},"end":{"line":27,"column":23}},"loc":{"start":{"line":27,"column":57},"end":{"line":50,"column":1}}},"3":{"name":"(anonymous_11)","decl":{"start":{"line":51,"column":14},"end":{"line":51,"column":21}},"loc":{"start":{"line":51,"column":52},"end":{"line":88,"column":2}}},"4":{"name":"(anonymous_12)","decl":{"start":{"line":51,"column":52},"end":{"line":51,"column":null}},"loc":{"start":{"line":51,"column":52},"end":{"line":88,"column":1}}},"5":{"name":"(anonymous_13)","decl":{"start":{"line":95,"column":27},"end":{"line":95,"column":28}},"loc":{"start":{"line":95,"column":64},"end":{"line":137,"column":1}}},"6":{"name":"(anonymous_14)","decl":{"start":{"line":96,"column":30},"end":{"line":96,"column":31}},"loc":{"start":{"line":96,"column":50},"end":{"line":136,"column":5}}},"7":{"name":"(anonymous_15)","decl":{"start":{"line":107,"column":59},"end":{"line":107,"column":66}},"loc":{"start":{"line":107,"column":92},"end":{"line":135,"column":10}}},"8":{"name":"(anonymous_16)","decl":{"start":{"line":107,"column":92},"end":{"line":107,"column":null}},"loc":{"start":{"line":107,"column":92},"end":{"line":135,"column":9}}},"9":{"name":"(anonymous_17)","decl":{"start":{"line":127,"column":57},"end":{"line":127,"column":58}},"loc":{"start":{"line":127,"column":68},"end":{"line":127,"column":90}}},"10":{"name":"(anonymous_18)","decl":{"start":{"line":139,"column":15},"end":{"line":139,"column":22}},"loc":{"start":{"line":139,"column":53},"end":{"line":147,"column":2}}},"11":{"name":"(anonymous_19)","decl":{"start":{"line":139,"column":53},"end":{"line":139,"column":null}},"loc":{"start":{"line":139,"column":53},"end":{"line":147,"column":1}}},"12":{"name":"(anonymous_20)","decl":{"start":{"line":149,"column":16},"end":{"line":149,"column":23}},"loc":{"start":{"line":149,"column":54},"end":{"line":177,"column":2}}},"13":{"name":"(anonymous_21)","decl":{"start":{"line":149,"column":54},"end":{"line":149,"column":null}},"loc":{"start":{"line":149,"column":54},"end":{"line":177,"column":1}}},"14":{"name":"(anonymous_22)","decl":{"start":{"line":183,"column":30},"end":{"line":183,"column":31}},"loc":{"start":{"line":183,"column":82},"end":{"line":204,"column":1}}},"15":{"name":"(anonymous_23)","decl":{"start":{"line":196,"column":48},"end":{"line":196,"column":49}},"loc":{"start":{"line":196,"column":65},"end":{"line":203,"column":5}}}},"branchMap":{"0":{"loc":{"start":{"line":28,"column":4},"end":{"line":30,"column":5}},"type":"if","locations":[{"start":{"line":28,"column":4},"end":{"line":30,"column":5}}]},"1":{"loc":{"start":{"line":54,"column":8},"end":{"line":57,"column":9}},"type":"if","locations":[{"start":{"line":54,"column":8},"end":{"line":57,"column":9}}]},"2":{"loc":{"start":{"line":59,"column":8},"end":{"line":62,"column":9}},"type":"if","locations":[{"start":{"line":59,"column":8},"end":{"line":62,"column":9}}]},"3":{"loc":{"start":{"line":63,"column":8},"end":{"line":66,"column":9}},"type":"if","locations":[{"start":{"line":63,"column":8},"end":{"line":66,"column":9}}]},"4":{"loc":{"start":{"line":69,"column":8},"end":{"line":72,"column":9}},"type":"if","locations":[{"start":{"line":69,"column":8},"end":{"line":72,"column":9}}]},"5":{"loc":{"start":{"line":73,"column":8},"end":{"line":75,"column":9}},"type":"if","locations":[{"start":{"line":73,"column":8},"end":{"line":75,"column":9}}]},"6":{"loc":{"start":{"line":98,"column":8},"end":{"line":101,"column":9}},"type":"if","locations":[{"start":{"line":98,"column":8},"end":{"line":101,"column":9}}]},"7":{"loc":{"start":{"line":103,"column":8},"end":{"line":106,"column":9}},"type":"if","locations":[{"start":{"line":103,"column":8},"end":{"line":106,"column":9}}]},"8":{"loc":{"start":{"line":108,"column":12},"end":{"line":111,"column":13}},"type":"if","locations":[{"start":{"line":108,"column":12},"end":{"line":111,"column":13}}]},"9":{"loc":{"start":{"line":117,"column":16},"end":{"line":120,"column":17}},"type":"if","locations":[{"start":{"line":117,"column":16},"end":{"line":120,"column":17}}]},"10":{"loc":{"start":{"line":121,"column":16},"end":{"line":126,"column":17}},"type":"if","locations":[{"start":{"line":121,"column":16},"end":{"line":126,"column":17}}]},"11":{"loc":{"start":{"line":121,"column":20},"end":{"line":121,"column":83}},"type":"binary-expr","locations":[{"start":{"line":121,"column":20},"end":{"line":121,"column":38}},{"start":{"line":121,"column":42},"end":{"line":121,"column":83}}]},"12":{"loc":{"start":{"line":152,"column":8},"end":{"line":155,"column":9}},"type":"if","locations":[{"start":{"line":152,"column":8},"end":{"line":155,"column":9}}]},"13":{"loc":{"start":{"line":158,"column":8},"end":{"line":161,"column":9}},"type":"if","locations":[{"start":{"line":158,"column":8},"end":{"line":161,"column":9}}]},"14":{"loc":{"start":{"line":162,"column":8},"end":{"line":164,"column":9}},"type":"if","locations":[{"start":{"line":162,"column":8},"end":{"line":164,"column":9}}]},"15":{"loc":{"start":{"line":185,"column":18},"end":{"line":185,"column":62}},"type":"binary-expr","locations":[{"start":{"line":185,"column":18},"end":{"line":185,"column":31}},{"start":{"line":185,"column":35},"end":{"line":185,"column":62}}]},"16":{"loc":{"start":{"line":187,"column":4},"end":{"line":190,"column":5}},"type":"if","locations":[{"start":{"line":187,"column":4},"end":{"line":190,"column":5}}]},"17":{"loc":{"start":{"line":191,"column":4},"end":{"line":194,"column":5}},"type":"if","locations":[{"start":{"line":191,"column":4},"end":{"line":194,"column":5}}]},"18":{"loc":{"start":{"line":197,"column":8},"end":{"line":200,"column":9}},"type":"if","locations":[{"start":{"line":197,"column":8},"end":{"line":200,"column":9}}]}},"s":{"0":3,"1":3,"2":3,"3":3,"4":6,"5":6,"6":6,"7":6,"8":6,"9":5,"10":2,"11":4,"12":3,"13":7,"14":0,"15":7,"16":7,"17":7,"18":7,"19":3,"20":7,"21":7,"22":7,"23":7,"24":1,"25":1,"26":6,"27":6,"28":1,"29":1,"30":5,"31":0,"32":0,"33":5,"34":5,"35":0,"36":0,"37":5,"38":0,"39":5,"40":5,"41":5,"42":0,"43":3,"44":10,"45":10,"46":1,"47":1,"48":9,"49":0,"50":0,"51":9,"52":9,"53":9,"54":2,"55":2,"56":7,"57":7,"58":7,"59":7,"60":0,"61":0,"62":7,"63":4,"64":4,"65":4,"66":4,"67":3,"68":5,"69":3,"70":3,"71":0,"72":0,"73":3,"74":2,"75":2,"76":2,"77":1,"78":1,"79":1,"80":3,"81":8,"82":8,"83":8,"84":2,"85":0,"86":0,"87":2,"88":2,"89":0,"90":0,"91":2,"92":0,"93":2,"94":2,"95":2,"96":6,"97":3,"98":17,"99":17,"100":17,"101":1,"102":1,"103":16,"104":0,"105":0,"106":16,"107":16,"108":1,"109":1,"110":15,"111":15,"112":3,"113":3},"f":{"0":6,"1":6,"2":7,"3":7,"4":7,"5":10,"6":10,"7":9,"8":9,"9":5,"10":2,"11":2,"12":8,"13":8,"14":17,"15":16},"b":{"0":[0],"1":[1],"2":[1],"3":[0],"4":[0],"5":[0],"6":[1],"7":[0],"8":[2],"9":[0],"10":[4],"11":[7,7],"12":[0],"13":[0],"14":[0],"15":[17,16],"16":[1],"17":[0],"18":[1]}}
,"C:\\Users\\חן\\OneDrive\\שולחן העבודה\\רועי\\לימודים\\eliav\\‏‏Assign2Eliav-\\Matla2eliav-1\\src\\controllers\\comments_controller.ts": {"path":"C:\\Users\\חן\\OneDrive\\שולחן העבודה\\רועי\\לימודים\\eliav\\‏‏Assign2Eliav-\\Matla2eliav-1\\src\\controllers\\comments_controller.ts","statementMap":{"0":{"start":{"line":2,"column":0},"end":{"line":2,"column":53}},"1":{"start":{"line":4,"column":23},"end":{"line":12,"column":2}},"2":{"start":{"line":4,"column":76},"end":{"line":12,"column":2}},"3":{"start":{"line":5,"column":17},"end":{"line":5,"column":55}},"4":{"start":{"line":6,"column":2},"end":{"line":11,"column":3}},"5":{"start":{"line":7,"column":23},"end":{"line":7,"column":49}},"6":{"start":{"line":8,"column":6},"end":{"line":8,"column":25}},"7":{"start":{"line":10,"column":4},"end":{"line":10,"column":51}},"8":{"start":{"line":82,"column":9},"end":{"line":82,"column":23}},"9":{"start":{"line":14,"column":27},"end":{"line":26,"column":2}},"10":{"start":{"line":14,"column":80},"end":{"line":26,"column":2}},"11":{"start":{"line":15,"column":17},"end":{"line":15,"column":30}},"12":{"start":{"line":16,"column":2},"end":{"line":25,"column":3}},"13":{"start":{"line":17,"column":20},"end":{"line":17,"column":56}},"14":{"start":{"line":18,"column":4},"end":{"line":22,"column":5}},"15":{"start":{"line":19,"column":6},"end":{"line":19,"column":24}},"16":{"start":{"line":21,"column":6},"end":{"line":21,"column":40}},"17":{"start":{"line":24,"column":4},"end":{"line":24,"column":51}},"18":{"start":{"line":82,"column":25},"end":{"line":82,"column":43}},"19":{"start":{"line":28,"column":23},"end":{"line":40,"column":2}},"20":{"start":{"line":28,"column":76},"end":{"line":40,"column":2}},"21":{"start":{"line":29,"column":20},"end":{"line":29,"column":33}},"22":{"start":{"line":30,"column":2},"end":{"line":39,"column":3}},"23":{"start":{"line":31,"column":20},"end":{"line":31,"column":59}},"24":{"start":{"line":32,"column":4},"end":{"line":36,"column":5}},"25":{"start":{"line":33,"column":6},"end":{"line":33,"column":36}},"26":{"start":{"line":35,"column":6},"end":{"line":35,"column":40}},"27":{"start":{"line":38,"column":4},"end":{"line":38,"column":51}},"28":{"start":{"line":82,"column":89},"end":{"line":82,"column":103}},"29":{"start":{"line":42,"column":22},"end":{"line":51,"column":2}},"30":{"start":{"line":42,"column":75},"end":{"line":51,"column":2}},"31":{"start":{"line":43,"column":22},"end":{"line":43,"column":30}},"32":{"start":{"line":44,"column":2},"end":{"line":50,"column":3}},"33":{"start":{"line":45,"column":23},"end":{"line":45,"column":53}},"34":{"start":{"line":46,"column":4},"end":{"line":46,"column":28}},"35":{"start":{"line":47,"column":4},"end":{"line":47,"column":37}},"36":{"start":{"line":49,"column":4},"end":{"line":49,"column":51}},"37":{"start":{"line":82,"column":45},"end":{"line":82,"column":58}},"38":{"start":{"line":53,"column":22},"end":{"line":66,"column":2}},"39":{"start":{"line":53,"column":75},"end":{"line":66,"column":2}},"40":{"start":{"line":54,"column":20},"end":{"line":54,"column":33}},"41":{"start":{"line":55,"column":21},"end":{"line":55,"column":29}},"42":{"start":{"line":56,"column":2},"end":{"line":65,"column":3}},"43":{"start":{"line":57,"column":27},"end":{"line":57,"column":102}},"44":{"start":{"line":58,"column":4},"end":{"line":62,"column":5}},"45":{"start":{"line":59,"column":6},"end":{"line":59,"column":31}},"46":{"start":{"line":61,"column":6},"end":{"line":61,"column":40}},"47":{"start":{"line":64,"column":4},"end":{"line":64,"column":51}},"48":{"start":{"line":82,"column":60},"end":{"line":82,"column":73}},"49":{"start":{"line":68,"column":22},"end":{"line":80,"column":2}},"50":{"start":{"line":68,"column":75},"end":{"line":80,"column":2}},"51":{"start":{"line":69,"column":20},"end":{"line":69,"column":33}},"52":{"start":{"line":70,"column":2},"end":{"line":79,"column":3}},"53":{"start":{"line":71,"column":20},"end":{"line":71,"column":68}},"54":{"start":{"line":72,"column":4},"end":{"line":76,"column":5}},"55":{"start":{"line":73,"column":6},"end":{"line":73,"column":60}},"56":{"start":{"line":75,"column":6},"end":{"line":75,"column":40}},"57":{"start":{"line":78,"column":4},"end":{"line":78,"column":51}},"58":{"start":{"line":82,"column":75},"end":{"line":82,"column":88}}},"fnMap":{"0":{"name":"(anonymous_8)","decl":{"start":{"line":4,"column":23},"end":{"line":4,"column":30}},"loc":{"start":{"line":4,"column":76},"end":{"line":12,"column":2}}},"1":{"name":"(anonymous_9)","decl":{"start":{"line":4,"column":76},"end":{"line":4,"column":null}},"loc":{"start":{"line":4,"column":76},"end":{"line":12,"column":1}}},"2":{"name":"(anonymous_10)","decl":{"start":{"line":14,"column":27},"end":{"line":14,"column":34}},"loc":{"start":{"line":14,"column":80},"end":{"line":26,"column":2}}},"3":{"name":"(anonymous_11)","decl":{"start":{"line":14,"column":80},"end":{"line":14,"column":null}},"loc":{"start":{"line":14,"column":80},"end":{"line":26,"column":1}}},"4":{"name":"(anonymous_12)","decl":{"start":{"line":28,"column":23},"end":{"line":28,"column":30}},"loc":{"start":{"line":28,"column":76},"end":{"line":40,"column":2}}},"5":{"name":"(anonymous_13)","decl":{"start":{"line":28,"column":76},"end":{"line":28,"column":null}},"loc":{"start":{"line":28,"column":76},"end":{"line":40,"column":1}}},"6":{"name":"(anonymous_14)","decl":{"start":{"line":42,"column":22},"end":{"line":42,"column":29}},"loc":{"start":{"line":42,"column":75},"end":{"line":51,"column":2}}},"7":{"name":"(anonymous_15)","decl":{"start":{"line":42,"column":75},"end":{"line":42,"column":null}},"loc":{"start":{"line":42,"column":75},"end":{"line":51,"column":1}}},"8":{"name":"(anonymous_16)","decl":{"start":{"line":53,"column":22},"end":{"line":53,"column":29}},"loc":{"start":{"line":53,"column":75},"end":{"line":66,"column":2}}},"9":{"name":"(anonymous_17)","decl":{"start":{"line":53,"column":75},"end":{"line":53,"column":null}},"loc":{"start":{"line":53,"column":75},"end":{"line":66,"column":1}}},"10":{"name":"(anonymous_18)","decl":{"start":{"line":68,"column":22},"end":{"line":68,"column":29}},"loc":{"start":{"line":68,"column":75},"end":{"line":80,"column":2}}},"11":{"name":"(anonymous_19)","decl":{"start":{"line":68,"column":75},"end":{"line":68,"column":null}},"loc":{"start":{"line":68,"column":75},"end":{"line":80,"column":1}}}},"branchMap":{"0":{"loc":{"start":{"line":18,"column":4},"end":{"line":22,"column":5}},"type":"if","locations":[{"start":{"line":18,"column":4},"end":{"line":22,"column":5}},{"start":{"line":20,"column":11},"end":{"line":22,"column":5}}]},"1":{"loc":{"start":{"line":32,"column":4},"end":{"line":36,"column":5}},"type":"if","locations":[{"start":{"line":32,"column":4},"end":{"line":36,"column":5}},{"start":{"line":34,"column":11},"end":{"line":36,"column":5}}]},"2":{"loc":{"start":{"line":58,"column":4},"end":{"line":62,"column":5}},"type":"if","locations":[{"start":{"line":58,"column":4},"end":{"line":62,"column":5}},{"start":{"line":60,"column":11},"end":{"line":62,"column":5}}]},"3":{"loc":{"start":{"line":72,"column":4},"end":{"line":76,"column":5}},"type":"if","locations":[{"start":{"line":72,"column":4},"end":{"line":76,"column":5}},{"start":{"line":74,"column":11},"end":{"line":76,"column":5}}]}},"s":{"0":3,"1":3,"2":2,"3":2,"4":2,"5":2,"6":2,"7":0,"8":3,"9":3,"10":1,"11":1,"12":1,"13":1,"14":1,"15":1,"16":0,"17":0,"18":3,"19":3,"20":1,"21":1,"22":1,"23":1,"24":1,"25":1,"26":0,"27":0,"28":3,"29":3,"30":2,"31":2,"32":2,"33":2,"34":2,"35":1,"36":1,"37":3,"38":3,"39":2,"40":2,"41":2,"42":2,"43":2,"44":1,"45":1,"46":0,"47":1,"48":3,"49":3,"50":2,"51":2,"52":2,"53":2,"54":1,"55":1,"56":0,"57":1,"58":3},"f":{"0":2,"1":2,"2":1,"3":1,"4":1,"5":1,"6":2,"7":2,"8":2,"9":2,"10":2,"11":2},"b":{"0":[1,0],"1":[1,0],"2":[1,0],"3":[1,0]}}
,"C:\\Users\\חן\\OneDrive\\שולחן העבודה\\רועי\\לימודים\\eliav\\‏‏Assign2Eliav-\\Matla2eliav-1\\src\\controllers\\posts_controller.ts": {"path":"C:\\Users\\חן\\OneDrive\\שולחן העבודה\\רועי\\לימודים\\eliav\\‏‏Assign2Eliav-\\Matla2eliav-1\\src\\controllers\\posts_controller.ts","statementMap":{"0":{"start":{"line":2,"column":0},"end":{"line":2,"column":46}},"1":{"start":{"line":4,"column":20},"end":{"line":12,"column":2}},"2":{"start":{"line":4,"column":73},"end":{"line":12,"column":2}},"3":{"start":{"line":5,"column":17},"end":{"line":5,"column":55}},"4":{"start":{"line":6,"column":2},"end":{"line":11,"column":3}},"5":{"start":{"line":7,"column":18},"end":{"line":7,"column":92}},"6":{"start":{"line":8,"column":4},"end":{"line":8,"column":32}},"7":{"start":{"line":10,"column":4},"end":{"line":10,"column":51}},"8":{"start":{"line":82,"column":9},"end":{"line":82,"column":20}},"9":{"start":{"line":14,"column":20},"end":{"line":26,"column":2}},"10":{"start":{"line":14,"column":73},"end":{"line":26,"column":2}},"11":{"start":{"line":15,"column":17},"end":{"line":15,"column":30}},"12":{"start":{"line":16,"column":2},"end":{"line":25,"column":3}},"13":{"start":{"line":17,"column":17},"end":{"line":17,"column":49}},"14":{"start":{"line":18,"column":4},"end":{"line":22,"column":5}},"15":{"start":{"line":19,"column":6},"end":{"line":19,"column":33}},"16":{"start":{"line":21,"column":6},"end":{"line":21,"column":40}},"17":{"start":{"line":24,"column":4},"end":{"line":24,"column":51}},"18":{"start":{"line":82,"column":22},"end":{"line":82,"column":33}},"19":{"start":{"line":28,"column":24},"end":{"line":40,"column":2}},"20":{"start":{"line":28,"column":77},"end":{"line":40,"column":2}},"21":{"start":{"line":29,"column":17},"end":{"line":29,"column":34}},"22":{"start":{"line":30,"column":2},"end":{"line":39,"column":3}},"23":{"start":{"line":31,"column":18},"end":{"line":31,"column":50}},"24":{"start":{"line":32,"column":4},"end":{"line":36,"column":5}},"25":{"start":{"line":33,"column":6},"end":{"line":33,"column":34}},"26":{"start":{"line":35,"column":6},"end":{"line":35,"column":40}},"27":{"start":{"line":38,"column":4},"end":{"line":38,"column":51}},"28":{"start":{"line":82,"column":35},"end":{"line":82,"column":50}},"29":{"start":{"line":42,"column":19},"end":{"line":51,"column":2}},"30":{"start":{"line":42,"column":72},"end":{"line":51,"column":2}},"31":{"start":{"line":43,"column":19},"end":{"line":43,"column":27}},"32":{"start":{"line":44,"column":2},"end":{"line":50,"column":3}},"33":{"start":{"line":45,"column":20},"end":{"line":45,"column":43}},"34":{"start":{"line":46,"column":4},"end":{"line":46,"column":25}},"35":{"start":{"line":47,"column":4},"end":{"line":47,"column":34}},"36":{"start":{"line":49,"column":4},"end":{"line":49,"column":51}},"37":{"start":{"line":82,"column":52},"end":{"line":82,"column":62}},"38":{"start":{"line":53,"column":19},"end":{"line":66,"column":2}},"39":{"start":{"line":53,"column":72},"end":{"line":66,"column":2}},"40":{"start":{"line":54,"column":17},"end":{"line":54,"column":30}},"41":{"start":{"line":55,"column":21},"end":{"line":55,"column":29}},"42":{"start":{"line":56,"column":2},"end":{"line":65,"column":3}},"43":{"start":{"line":57,"column":24},"end":{"line":57,"column":92}},"44":{"start":{"line":58,"column":4},"end":{"line":62,"column":5}},"45":{"start":{"line":59,"column":6},"end":{"line":59,"column":40}},"46":{"start":{"line":61,"column":6},"end":{"line":61,"column":40}},"47":{"start":{"line":64,"column":4},"end":{"line":64,"column":51}},"48":{"start":{"line":82,"column":64},"end":{"line":82,"column":74}},"49":{"start":{"line":68,"column":19},"end":{"line":80,"column":2}},"50":{"start":{"line":68,"column":72},"end":{"line":80,"column":2}},"51":{"start":{"line":69,"column":17},"end":{"line":69,"column":30}},"52":{"start":{"line":70,"column":2},"end":{"line":79,"column":3}},"53":{"start":{"line":71,"column":17},"end":{"line":71,"column":58}},"54":{"start":{"line":72,"column":4},"end":{"line":76,"column":5}},"55":{"start":{"line":73,"column":6},"end":{"line":73,"column":69}},"56":{"start":{"line":75,"column":6},"end":{"line":75,"column":40}},"57":{"start":{"line":78,"column":4},"end":{"line":78,"column":51}},"58":{"start":{"line":82,"column":76},"end":{"line":82,"column":86}}},"fnMap":{"0":{"name":"(anonymous_8)","decl":{"start":{"line":4,"column":20},"end":{"line":4,"column":27}},"loc":{"start":{"line":4,"column":73},"end":{"line":12,"column":2}}},"1":{"name":"(anonymous_9)","decl":{"start":{"line":4,"column":73},"end":{"line":4,"column":null}},"loc":{"start":{"line":4,"column":73},"end":{"line":12,"column":1}}},"2":{"name":"(anonymous_10)","decl":{"start":{"line":14,"column":20},"end":{"line":14,"column":27}},"loc":{"start":{"line":14,"column":73},"end":{"line":26,"column":2}}},"3":{"name":"(anonymous_11)","decl":{"start":{"line":14,"column":73},"end":{"line":14,"column":null}},"loc":{"start":{"line":14,"column":73},"end":{"line":26,"column":1}}},"4":{"name":"(anonymous_12)","decl":{"start":{"line":28,"column":24},"end":{"line":28,"column":31}},"loc":{"start":{"line":28,"column":77},"end":{"line":40,"column":2}}},"5":{"name":"(anonymous_13)","decl":{"start":{"line":28,"column":77},"end":{"line":28,"column":null}},"loc":{"start":{"line":28,"column":77},"end":{"line":40,"column":1}}},"6":{"name":"(anonymous_14)","decl":{"start":{"line":42,"column":19},"end":{"line":42,"column":26}},"loc":{"start":{"line":42,"column":72},"end":{"line":51,"column":2}}},"7":{"name":"(anonymous_15)","decl":{"start":{"line":42,"column":72},"end":{"line":42,"column":null}},"loc":{"start":{"line":42,"column":72},"end":{"line":51,"column":1}}},"8":{"name":"(anonymous_16)","decl":{"start":{"line":53,"column":19},"end":{"line":53,"column":26}},"loc":{"start":{"line":53,"column":72},"end":{"line":66,"column":2}}},"9":{"name":"(anonymous_17)","decl":{"start":{"line":53,"column":72},"end":{"line":53,"column":null}},"loc":{"start":{"line":53,"column":72},"end":{"line":66,"column":1}}},"10":{"name":"(anonymous_18)","decl":{"start":{"line":68,"column":19},"end":{"line":68,"column":26}},"loc":{"start":{"line":68,"column":72},"end":{"line":80,"column":2}}},"11":{"name":"(anonymous_19)","decl":{"start":{"line":68,"column":72},"end":{"line":68,"column":null}},"loc":{"start":{"line":68,"column":72},"end":{"line":80,"column":1}}}},"branchMap":{"0":{"loc":{"start":{"line":7,"column":18},"end":{"line":7,"column":92}},"type":"cond-expr","locations":[{"start":{"line":7,"column":27},"end":{"line":7,"column":67}},{"start":{"line":7,"column":70},"end":{"line":7,"column":92}}]},"1":{"loc":{"start":{"line":18,"column":4},"end":{"line":22,"column":5}},"type":"if","locations":[{"start":{"line":18,"column":4},"end":{"line":22,"column":5}},{"start":{"line":20,"column":11},"end":{"line":22,"column":5}}]},"2":{"loc":{"start":{"line":32,"column":4},"end":{"line":36,"column":5}},"type":"if","locations":[{"start":{"line":32,"column":4},"end":{"line":36,"column":5}},{"start":{"line":34,"column":11},"end":{"line":36,"column":5}}]},"3":{"loc":{"start":{"line":58,"column":4},"end":{"line":62,"column":5}},"type":"if","locations":[{"start":{"line":58,"column":4},"end":{"line":62,"column":5}},{"start":{"line":60,"column":11},"end":{"line":62,"column":5}}]},"4":{"loc":{"start":{"line":72,"column":4},"end":{"line":76,"column":5}},"type":"if","locations":[{"start":{"line":72,"column":4},"end":{"line":76,"column":5}},{"start":{"line":74,"column":11},"end":{"line":76,"column":5}}]}},"s":{"0":3,"1":3,"2":2,"3":2,"4":2,"5":2,"6":2,"7":0,"8":3,"9":3,"10":2,"11":2,"12":2,"13":2,"14":2,"15":1,"16":1,"17":0,"18":3,"19":3,"20":1,"21":1,"22":1,"23":1,"24":1,"25":1,"26":0,"27":0,"28":3,"29":3,"30":5,"31":5,"32":5,"33":5,"34":5,"35":4,"36":1,"37":3,"38":3,"39":2,"40":2,"41":2,"42":2,"43":2,"44":2,"45":1,"46":1,"47":0,"48":3,"49":3,"50":2,"51":2,"52":2,"53":2,"54":2,"55":1,"56":1,"57":0,"58":3},"f":{"0":2,"1":2,"2":2,"3":2,"4":1,"5":1,"6":5,"7":5,"8":2,"9":2,"10":2,"11":2},"b":{"0":[0,2],"1":[1,1],"2":[1,0],"3":[1,1],"4":[1,1]}}
,"C:\\Users\\חן\\OneDrive\\שולחן העבודה\\רועי\\לימודים\\eliav\\‏‏Assign2Eliav-\\Matla2eliav-1\\src\\models\\comments_model.ts": {"path":"C:\\Users\\חן\\OneDrive\\שולחן העבודה\\רועי\\לימודים\\eliav\\‏‏Assign2Eliav-\\Matla2eliav-1\\src\\models\\comments_model.ts","statementMap":{"0":{"start":{"line":1,"column":0},"end":{"line":1,"column":54}},"1":{"start":{"line":9,"column":30},"end":{"line":22,"column":2}},"2":{"start":{"line":24,"column":22},"end":{"line":24,"column":72}},"3":{"start":{"line":26,"column":0},"end":{"line":26,"column":29}}},"fnMap":{},"branchMap":{},"s":{"0":3,"1":3,"2":3,"3":3},"f":{},"b":{}}
,"C:\\Users\\חן\\OneDrive\\שולחן העבודה\\רועי\\לימודים\\eliav\\‏‏Assign2Eliav-\\Matla2eliav-1\\src\\models\\posts_model.ts": {"path":"C:\\Users\\חן\\OneDrive\\שולחן העבודה\\רועי\\לימודים\\eliav\\‏‏Assign2Eliav-\\Matla2eliav-1\\src\\models\\posts_model.ts","statementMap":{"0":{"start":{"line":1,"column":0},"end":{"line":1,"column":54}},"1":{"start":{"line":9,"column":27},"end":{"line":22,"column":2}},"2":{"start":{"line":24,"column":18},"end":{"line":24,"column":59}},"3":{"start":{"line":26,"column":0},"end":{"line":26,"column":25}}},"fnMap":{},"branchMap":{},"s":{"0":3,"1":3,"2":3,"3":3},"f":{},"b":{}}
,"C:\\Users\\חן\\OneDrive\\שולחן העבודה\\רועי\\לימודים\\eliav\\‏‏Assign2Eliav-\\Matla2eliav-1\\src\\models\\users_model.ts": {"path":"C:\\Users\\חן\\OneDrive\\שולחן העבודה\\רועי\\לימודים\\eliav\\‏‏Assign2Eliav-\\Matla2eliav-1\\src\\models\\users_model.ts","statementMap":{"0":{"start":{"line":1,"column":0},"end":{"line":1,"column":32}},"1":{"start":{"line":10,"column":19},"end":{"line":24,"column":2}},"2":{"start":{"line":26,"column":18},"end":{"line":26,"column":60}},"3":{"start":{"line":28,"column":0},"end":{"line":28,"column":25}}},"fnMap":{},"branchMap":{},"s":{"0":3,"1":3,"2":3,"3":3},"f":{},"b":{}}
,"C:\\Users\\חן\\OneDrive\\שולחן העבודה\\רועי\\לימודים\\eliav\\‏‏Assign2Eliav-\\Matla2eliav-1\\src\\routes\\auth_route.ts": {"path":"C:\\Users\\חן\\OneDrive\\שולחן העבודה\\רועי\\לימודים\\eliav\\‏‏Assign2Eliav-\\Matla2eliav-1\\src\\routes\\auth_route.ts","statementMap":{"0":{"start":{"line":1,"column":0},"end":{"line":1,"column":30}},"1":{"start":{"line":2,"column":15},"end":{"line":2,"column":31}},"2":{"start":{"line":3,"column":0},"end":{"line":3,"column":60}},"3":{"start":{"line":62,"column":0},"end":{"line":62,"column":50}},"4":{"start":{"line":101,"column":0},"end":{"line":101,"column":44}},"5":{"start":{"line":139,"column":0},"end":{"line":139,"column":48}},"6":{"start":{"line":166,"column":0},"end":{"line":166,"column":46}},"7":{"start":{"line":169,"column":0},"end":{"line":169,"column":22}}},"fnMap":{},"branchMap":{},"s":{"0":3,"1":3,"2":3,"3":3,"4":3,"5":3,"6":3,"7":3},"f":{},"b":{}}
,"C:\\Users\\חן\\OneDrive\\שולחן העבודה\\רועי\\לימודים\\eliav\\‏‏Assign2Eliav-\\Matla2eliav-1\\src\\routes\\comments_route.ts": {"path":"C:\\Users\\חן\\OneDrive\\שולחן העבודה\\רועי\\לימודים\\eliav\\‏‏Assign2Eliav-\\Matla2eliav-1\\src\\routes\\comments_route.ts","statementMap":{"0":{"start":{"line":1,"column":0},"end":{"line":1,"column":30}},"1":{"start":{"line":2,"column":0},"end":{"line":2,"column":148}},"2":{"start":{"line":3,"column":0},"end":{"line":3,"column":64}},"3":{"start":{"line":5,"column":15},"end":{"line":5,"column":31}},"4":{"start":{"line":60,"column":0},"end":{"line":60,"column":32}},"5":{"start":{"line":89,"column":0},"end":{"line":89,"column":39}},"6":{"start":{"line":116,"column":0},"end":{"line":116,"column":45}},"7":{"start":{"line":171,"column":0},"end":{"line":171,"column":47}},"8":{"start":{"line":214,"column":0},"end":{"line":214,"column":49}},"9":{"start":{"line":239,"column":0},"end":{"line":239,"column":52}},"10":{"start":{"line":241,"column":0},"end":{"line":241,"column":22}}},"fnMap":{},"branchMap":{},"s":{"0":3,"1":3,"2":3,"3":3,"4":3,"5":3,"6":3,"7":3,"8":3,"9":3,"10":3},"f":{},"b":{}}
,"C:\\Users\\חן\\OneDrive\\שולחן העבודה\\רועי\\לימודים\\eliav\\‏‏Assign2Eliav-\\Matla2eliav-1\\src\\routes\\posts_route.ts": {"path":"C:\\Users\\חן\\OneDrive\\שולחן העבודה\\רועי\\לימודים\\eliav\\‏‏Assign2Eliav-\\Matla2eliav-1\\src\\routes\\posts_route.ts","statementMap":{"0":{"start":{"line":1,"column":0},"end":{"line":1,"column":30}},"1":{"start":{"line":2,"column":0},"end":{"line":2,"column":127}},"2":{"start":{"line":3,"column":0},"end":{"line":3,"column":64}},"3":{"start":{"line":5,"column":15},"end":{"line":5,"column":31}},"4":{"start":{"line":61,"column":0},"end":{"line":61,"column":29}},"5":{"start":{"line":90,"column":0},"end":{"line":90,"column":32}},"6":{"start":{"line":119,"column":0},"end":{"line":119,"column":47}},"7":{"start":{"line":163,"column":0},"end":{"line":163,"column":43}},"8":{"start":{"line":200,"column":0},"end":{"line":200,"column":46}},"9":{"start":{"line":227,"column":0},"end":{"line":227,"column":49}},"10":{"start":{"line":229,"column":0},"end":{"line":229,"column":22}}},"fnMap":{},"branchMap":{},"s":{"0":3,"1":3,"2":3,"3":3,"4":3,"5":3,"6":3,"7":3,"8":3,"9":3,"10":3},"f":{},"b":{}}
}
