TN:
SF:src\server.ts
FN:36,(anonymous_1)
FN:37,(anonymous_2)
FN:39,(anonymous_3)
FN:40,(anonymous_4)
FN:46,(anonymous_5)
FN:49,(anonymous_6)
FNF:6
FNH:4
FNDA:0,(anonymous_1)
FNDA:3,(anonymous_2)
FNDA:3,(anonymous_3)
FNDA:3,(anonymous_4)
FNDA:3,(anonymous_5)
FNDA:0,(anonymous_6)
DA:1,3
DA:2,3
DA:3,3
DA:4,3
DA:5,3
DA:6,3
DA:7,3
DA:8,3
DA:12,3
DA:13,3
DA:14,3
DA:15,3
DA:16,3
DA:17,3
DA:19,3
DA:35,3
DA:36,3
DA:37,3
DA:39,3
DA:40,3
DA:41,3
DA:42,0
DA:44,3
DA:47,3
DA:50,0
DA:56,3
LF:26
LH:24
BRDA:41,0,0,0
BRDA:41,0,1,3
BRF:2
BRH:1
end_of_record
TN:
SF:src\controllers\auth_controller.ts
FN:7,(anonymous_8)
FN:7,(anonymous_9)
FN:27,(anonymous_10)
FN:51,(anonymous_11)
FN:51,(anonymous_12)
FN:95,(anonymous_13)
FN:96,(anonymous_14)
FN:107,(anonymous_15)
FN:107,(anonymous_16)
FN:127,(anonymous_17)
FN:139,(anonymous_18)
FN:139,(anonymous_19)
FN:149,(anonymous_20)
FN:149,(anonymous_21)
FN:183,(anonymous_22)
FN:196,(anonymous_23)
FNF:16
FNH:16
FNDA:6,(anonymous_8)
FNDA:6,(anonymous_9)
FNDA:7,(anonymous_10)
FNDA:7,(anonymous_11)
FNDA:7,(anonymous_12)
FNDA:7,(anonymous_13)
FNDA:7,(anonymous_14)
FNDA:7,(anonymous_15)
FNDA:7,(anonymous_16)
FNDA:5,(anonymous_17)
FNDA:2,(anonymous_18)
FNDA:2,(anonymous_19)
FNDA:5,(anonymous_20)
FNDA:5,(anonymous_21)
FNDA:12,(anonymous_22)
FNDA:11,(anonymous_23)
DA:2,3
DA:3,3
DA:4,3
DA:7,6
DA:8,6
DA:9,6
DA:10,6
DA:11,6
DA:12,5
DA:16,2
DA:18,4
DA:27,3
DA:28,7
DA:29,0
DA:32,7
DA:33,7
DA:40,7
DA:46,7
DA:51,7
DA:52,7
DA:53,7
DA:54,7
DA:55,1
DA:56,1
DA:58,6
DA:59,6
DA:60,1
DA:61,1
DA:63,5
DA:64,0
DA:65,0
DA:68,5
DA:69,5
DA:70,0
DA:71,0
DA:73,5
DA:74,0
DA:76,5
DA:77,5
DA:78,5
DA:86,0
DA:95,3
DA:96,7
DA:98,7
DA:99,0
DA:100,0
DA:103,7
DA:104,0
DA:105,0
DA:107,7
DA:108,7
DA:109,0
DA:110,0
DA:113,7
DA:114,7
DA:116,7
DA:117,7
DA:118,0
DA:119,0
DA:121,7
DA:122,4
DA:123,4
DA:124,4
DA:125,4
DA:127,5
DA:128,3
DA:130,3
DA:132,0
DA:133,0
DA:139,3
DA:140,2
DA:141,2
DA:142,1
DA:143,1
DA:145,1
DA:149,5
DA:150,5
DA:151,5
DA:152,2
DA:153,0
DA:154,0
DA:156,2
DA:158,2
DA:159,0
DA:160,0
DA:162,2
DA:163,0
DA:165,2
DA:166,2
DA:167,2
DA:175,3
DA:183,3
DA:184,12
DA:185,12
DA:187,12
DA:188,1
DA:189,1
DA:191,11
DA:192,0
DA:193,0
DA:196,11
DA:197,11
DA:198,1
DA:199,1
DA:201,10
DA:202,10
DA:206,3
LF:107
LH:83
BRDA:28,0,0,0
BRDA:54,1,0,1
BRDA:59,2,0,1
BRDA:63,3,0,0
BRDA:69,4,0,0
BRDA:73,5,0,0
BRDA:98,6,0,0
BRDA:103,7,0,0
BRDA:108,8,0,0
BRDA:117,9,0,0
BRDA:121,10,0,4
BRDA:121,11,0,7
BRDA:121,11,1,7
BRDA:152,12,0,0
BRDA:158,13,0,0
BRDA:162,14,0,0
BRDA:185,15,0,12
BRDA:185,15,1,11
BRDA:187,16,0,1
BRDA:191,17,0,0
BRDA:197,18,0,1
BRF:21
BRH:9
end_of_record
TN:
SF:src\controllers\comments_controller.ts
FN:4,(anonymous_8)
FN:4,(anonymous_9)
FN:19,(anonymous_10)
FN:19,(anonymous_11)
FN:33,(anonymous_12)
FN:33,(anonymous_13)
FN:47,(anonymous_14)
FN:47,(anonymous_15)
FN:58,(anonymous_16)
FN:58,(anonymous_17)
FN:73,(anonymous_18)
FN:73,(anonymous_19)
FNF:12
FNH:12
FNDA:2,(anonymous_8)
FNDA:2,(anonymous_9)
FNDA:1,(anonymous_10)
FNDA:1,(anonymous_11)
FNDA:1,(anonymous_12)
FNDA:1,(anonymous_13)
FNDA:1,(anonymous_14)
FNDA:1,(anonymous_15)
FNDA:1,(anonymous_16)
FNDA:1,(anonymous_17)
FNDA:1,(anonymous_18)
FNDA:1,(anonymous_19)
DA:2,3
DA:4,3
DA:5,2
DA:6,2
DA:7,2
DA:8,0
DA:9,0
DA:11,2
DA:12,2
DA:15,0
DA:19,3
DA:20,1
DA:21,1
DA:22,1
DA:23,1
DA:24,1
DA:26,0
DA:29,0
DA:33,3
DA:34,1
DA:35,1
DA:36,1
DA:37,1
DA:38,1
DA:40,0
DA:43,0
DA:47,3
DA:48,1
DA:49,1
DA:50,1
DA:51,1
DA:52,1
DA:54,0
DA:58,3
DA:59,1
DA:60,1
DA:61,1
DA:62,1
DA:63,1
DA:64,1
DA:66,0
DA:69,0
DA:73,3
DA:74,1
DA:75,1
DA:76,1
DA:77,1
DA:78,1
DA:80,0
DA:83,0
DA:87,3
LF:51
LH:39
BRDA:7,0,0,0
BRDA:7,0,1,2
BRDA:23,1,0,1
BRDA:23,1,1,0
BRDA:37,2,0,1
BRDA:37,2,1,0
BRDA:63,3,0,1
BRDA:63,3,1,0
BRDA:77,4,0,1
BRDA:77,4,1,0
BRF:10
BRH:5
end_of_record
TN:
SF:src\controllers\posts_controller.ts
FN:4,(anonymous_8)
FN:4,(anonymous_9)
FN:14,(anonymous_10)
FN:14,(anonymous_11)
FN:28,(anonymous_12)
FN:28,(anonymous_13)
FN:42,(anonymous_14)
FN:42,(anonymous_15)
FN:53,(anonymous_16)
FN:53,(anonymous_17)
FN:68,(anonymous_18)
FN:68,(anonymous_19)
FNF:12
FNH:12
FNDA:2,(anonymous_8)
FNDA:2,(anonymous_9)
FNDA:2,(anonymous_10)
FNDA:2,(anonymous_11)
FNDA:1,(anonymous_12)
FNDA:1,(anonymous_13)
FNDA:5,(anonymous_14)
FNDA:5,(anonymous_15)
FNDA:1,(anonymous_16)
FNDA:1,(anonymous_17)
FNDA:1,(anonymous_18)
FNDA:1,(anonymous_19)
DA:2,3
DA:4,3
DA:5,2
DA:6,2
DA:7,2
DA:8,2
DA:10,0
DA:14,3
DA:15,2
DA:16,2
DA:17,2
DA:18,2
DA:19,1
DA:21,1
DA:24,0
DA:28,3
DA:29,1
DA:30,1
DA:31,1
DA:32,1
DA:33,1
DA:35,0
DA:38,0
DA:42,5
DA:43,5
DA:44,5
DA:45,5
DA:46,5
DA:47,4
DA:49,1
DA:53,3
DA:54,1
DA:55,1
DA:56,1
DA:57,1
DA:58,1
DA:59,1
DA:61,0
DA:64,0
DA:68,3
DA:69,1
DA:70,1
DA:71,1
DA:72,1
DA:73,1
DA:75,0
DA:78,0
DA:82,3
LF:48
LH:40
BRDA:7,0,0,0
BRDA:7,0,1,2
BRDA:18,1,0,1
BRDA:18,1,1,1
BRDA:32,2,0,1
BRDA:32,2,1,0
BRDA:58,3,0,1
BRDA:58,3,1,0
BRDA:72,4,0,1
BRDA:72,4,1,0
BRF:10
BRH:6
end_of_record
TN:
SF:src\models\comments_model.ts
FNF:0
FNH:0
DA:1,3
DA:9,3
DA:24,3
DA:26,3
LF:4
LH:4
BRF:0
BRH:0
end_of_record
TN:
SF:src\models\posts_model.ts
FNF:0
FNH:0
DA:1,3
DA:9,3
DA:24,3
DA:26,3
LF:4
LH:4
BRF:0
BRH:0
end_of_record
TN:
SF:src\models\users_model.ts
FNF:0
FNH:0
DA:1,3
DA:10,3
DA:26,3
DA:28,3
LF:4
LH:4
BRF:0
BRH:0
end_of_record
TN:
SF:src\routes\auth_route.ts
FNF:0
FNH:0
DA:1,3
DA:2,3
DA:3,3
DA:64,3
DA:103,3
DA:141,3
DA:168,3
DA:171,3
LF:8
LH:8
BRF:0
BRH:0
end_of_record
TN:
SF:src\routes\comments_route.ts
FNF:0
FNH:0
DA:1,3
DA:2,3
DA:3,3
DA:5,3
DA:32,3
DA:60,3
DA:86,3
DA:111,3
DA:145,3
DA:167,3
DA:169,3
LF:11
LH:11
BRF:0
BRH:0
end_of_record
TN:
SF:src\routes\posts_route.ts
FNF:0
FNH:0
DA:1,3
DA:2,3
DA:3,3
DA:5,3
DA:62,3
DA:91,3
DA:120,3
DA:160,3
DA:195,3
DA:222,3
DA:224,3
LF:11
LH:11
BRF:0
BRH:0
end_of_record
